TN:
SF:src\ArrayUtils.ts
FN:6,(anonymous_0)
FN:14,(anonymous_1)
FN:15,(anonymous_2)
FN:18,(anonymous_3)
FN:19,(anonymous_4)
FN:32,(anonymous_5)
FN:43,(anonymous_6)
FN:52,(anonymous_7)
FN:63,(anonymous_8)
FN:71,(anonymous_9)
FN:81,(anonymous_10)
FN:100,(anonymous_11)
FN:113,(anonymous_12)
FN:127,(anonymous_13)
FN:134,(anonymous_14)
FN:145,(anonymous_15)
FNF:16
FNH:16
FNDA:2,(anonymous_0)
FNDA:1,(anonymous_1)
FNDA:4,(anonymous_2)
FNDA:1,(anonymous_3)
FNDA:6,(anonymous_4)
FNDA:5,(anonymous_5)
FNDA:3,(anonymous_6)
FNDA:2,(anonymous_7)
FNDA:3,(anonymous_8)
FNDA:1,(anonymous_9)
FNDA:1,(anonymous_10)
FNDA:1,(anonymous_11)
FNDA:18,(anonymous_12)
FNDA:9,(anonymous_13)
FNDA:2,(anonymous_14)
FNDA:2,(anonymous_15)
DA:1,1
DA:2,1
DA:4,1
DA:7,2
DA:8,2
DA:9,8
DA:11,2
DA:15,4
DA:19,1
DA:20,6
DA:21,6
DA:22,6
DA:23,1
DA:24,5
DA:25,4
DA:27,1
DA:33,5
DA:34,1
DA:36,4
DA:37,11
DA:39,2
DA:44,3
DA:45,2
DA:53,2
DA:54,2
DA:55,10
DA:57,2
DA:64,3
DA:72,1
DA:73,1
DA:74,1
DA:82,1
DA:83,1
DA:84,1
DA:85,5
DA:86,5
DA:87,3
DA:88,2
DA:90,3
DA:91,3
DA:94,1
DA:101,1
DA:102,1
DA:103,5
DA:104,2
DA:107,1
DA:114,18
DA:115,16
DA:116,16
DA:117,20
DA:118,12
DA:121,4
DA:128,9
DA:135,2
DA:136,1
DA:138,1
DA:146,2
DA:147,1
DA:149,1
LF:59
LH:59
BRDA:22,0,0,1
BRDA:22,0,1,5
BRDA:24,1,0,4
BRDA:24,1,1,1
BRDA:33,2,0,1
BRDA:33,2,1,4
BRDA:37,3,0,2
BRDA:37,3,1,9
BRDA:44,4,0,1
BRDA:44,4,1,2
BRDA:86,5,0,3
BRDA:86,5,1,2
BRDA:87,6,0,2
BRDA:87,6,1,1
BRDA:103,7,0,2
BRDA:103,7,1,3
BRDA:114,8,0,18
BRDA:114,8,1,17
BRDA:117,9,0,12
BRDA:117,9,1,8
BRDA:135,10,0,1
BRDA:135,10,1,1
BRDA:146,11,0,1
BRDA:146,11,1,1
BRF:24
BRH:24
end_of_record
TN:
SF:src\Combinatorics.ts
FN:5,(anonymous_0)
FN:7,(anonymous_1)
FN:9,(anonymous_2)
FN:14,(anonymous_3)
FN:37,(anonymous_4)
FN:38,subsets
FNF:6
FNH:6
FNDA:1,(anonymous_0)
FNDA:3,(anonymous_1)
FNDA:2,(anonymous_2)
FNDA:4,(anonymous_3)
FNDA:2,(anonymous_4)
FNDA:12,subsets
DA:1,1
DA:3,1
DA:6,1
DA:7,1
DA:8,3
DA:10,2
DA:16,4
DA:17,4
DA:18,4
DA:19,4
DA:20,4
DA:21,15
DA:22,8
DA:23,8
DA:24,8
DA:25,8
DA:26,8
DA:27,8
DA:28,8
DA:30,7
DA:31,7
DA:34,4
DA:39,12
DA:40,6
DA:42,6
DA:43,6
DA:44,10
DA:45,10
DA:46,12
DA:47,12
DA:49,10
DA:51,6
DA:54,2
LF:33
LH:33
BRDA:21,0,0,8
BRDA:21,0,1,7
BRDA:22,1,0,8
BRDA:22,1,1,6
BRDA:39,2,0,6
BRDA:39,2,1,6
BRDA:39,3,0,12
BRDA:39,3,1,8
BRF:8
BRH:8
end_of_record
TN:
SF:src\Comparable.ts
FN:16,comparableEqualsStrict
FN:41,isComparableObject
FN:47,isComparableJSON
FN:61,isComparableValue
FN:65,comparableEquals
FNF:5
FNH:5
FNDA:234,comparableEqualsStrict
FNDA:494,isComparableObject
FNDA:22,isComparableJSON
FNDA:494,isComparableValue
FNDA:232,comparableEquals
DA:1,1
DA:17,234
DA:18,20
DA:19,17
DA:20,17
DA:21,17
DA:23,3
DA:24,3
DA:25,3
DA:26,4
DA:27,3
DA:28,1
DA:31,1
DA:34,1
DA:37,214
DA:41,1
DA:43,494
DA:47,1
DA:48,22
DA:49,21
DA:50,25
DA:51,4
DA:55,17
DA:57,1
DA:61,1
DA:62,494
DA:65,1
DA:66,232
DA:67,231
DA:70,1
LF:30
LH:30
BRDA:17,0,0,20
BRDA:17,0,1,214
BRDA:17,1,0,234
BRDA:17,1,1,234
BRDA:17,1,2,233
BRDA:18,2,0,17
BRDA:18,2,1,3
BRDA:26,3,0,3
BRDA:26,3,1,1
BRDA:27,4,0,1
BRDA:27,4,1,2
BRDA:43,5,0,494
BRDA:43,5,1,53
BRDA:43,5,2,53
BRDA:48,6,0,21
BRDA:48,6,1,1
BRDA:50,7,0,4
BRDA:50,7,1,21
BRDA:50,8,0,25
BRDA:50,8,1,25
BRDA:55,9,0,17
BRDA:55,9,1,16
BRDA:62,10,0,494
BRDA:62,10,1,492
BRDA:62,10,2,457
BRDA:62,10,3,16
BRDA:66,11,0,231
BRDA:66,11,1,1
BRDA:66,12,0,232
BRDA:66,12,1,231
BRF:30
BRH:30
end_of_record
TN:
SF:src\Encoder.ts
FN:10,(anonymous_0)
FN:14,(anonymous_1)
FN:17,(anonymous_2)
FN:23,(anonymous_3)
FN:24,identity
FN:30,(anonymous_5)
FN:32,(anonymous_6)
FN:35,(anonymous_7)
FN:41,(anonymous_8)
FN:45,(anonymous_9)
FN:48,(anonymous_10)
FN:53,(anonymous_11)
FN:55,(anonymous_12)
FN:67,(anonymous_13)
FN:73,(anonymous_14)
FN:85,(anonymous_15)
FN:95,(anonymous_16)
FN:97,(anonymous_17)
FN:98,(anonymous_18)
FN:105,(anonymous_19)
FN:121,(anonymous_20)
FNF:21
FNH:21
FNDA:7,(anonymous_0)
FNDA:16,(anonymous_1)
FNDA:16,(anonymous_2)
FNDA:6,(anonymous_3)
FNDA:30,identity
FNDA:1,(anonymous_5)
FNDA:1,(anonymous_6)
FNDA:1,(anonymous_7)
FNDA:2,(anonymous_8)
FNDA:2,(anonymous_9)
FNDA:5,(anonymous_10)
FNDA:2,(anonymous_11)
FNDA:5,(anonymous_12)
FNDA:1,(anonymous_13)
FNDA:5,(anonymous_14)
FNDA:5,(anonymous_15)
FNDA:1,(anonymous_16)
FNDA:1,(anonymous_17)
FNDA:3,(anonymous_18)
FNDA:1,(anonymous_19)
FNDA:13,(anonymous_20)
DA:2,1
DA:8,1
DA:13,7
DA:15,16
DA:18,16
DA:25,30
DA:27,6
DA:31,1
DA:33,1
DA:36,1
DA:44,2
DA:46,2
DA:47,2
DA:48,2
DA:49,5
DA:51,2
DA:54,2
DA:55,2
DA:56,5
DA:57,5
DA:59,2
DA:71,1
DA:72,1
DA:74,5
DA:75,5
DA:76,7
DA:77,5
DA:82,2
DA:87,5
DA:89,5
DA:90,5
DA:96,1
DA:98,1
DA:99,3
DA:100,3
DA:102,3
DA:106,1
DA:107,1
DA:120,1
DA:122,13
DA:123,13
DA:124,13
LF:42
LH:42
BRDA:76,0,0,5
BRDA:76,0,1,2
BRF:2
BRH:2
end_of_record
TN:
SF:src\JSON.ts
FN:12,isJSONPrimitive
FNF:1
FNH:1
FNDA:464,isJSONPrimitive
DA:12,1
DA:13,464
DA:14,262
DA:15,26
DA:16,20
DA:17,19
LF:6
LH:6
BRDA:13,0,0,202
BRDA:13,0,1,262
BRDA:14,1,0,236
BRDA:14,1,1,26
BRDA:15,2,0,6
BRDA:15,2,1,20
BRDA:16,3,0,1
BRDA:16,3,1,19
BRF:8
BRH:8
end_of_record
TN:
SF:src\MGPFallible.ts
FN:6,(anonymous_0)
FN:9,(anonymous_1)
FN:13,(anonymous_2)
FN:27,(anonymous_3)
FN:42,(anonymous_4)
FN:45,(anonymous_5)
FN:48,(anonymous_6)
FN:51,(anonymous_7)
FN:54,(anonymous_8)
FN:57,(anonymous_9)
FN:60,(anonymous_10)
FN:63,(anonymous_11)
FN:72,(anonymous_12)
FN:75,(anonymous_13)
FN:78,(anonymous_14)
FN:81,(anonymous_15)
FN:84,(anonymous_16)
FN:87,(anonymous_17)
FN:90,(anonymous_18)
FN:93,(anonymous_19)
FN:96,(anonymous_20)
FN:103,(anonymous_21)
FN:108,(anonymous_22)
FNF:23
FNH:23
FNDA:6,(anonymous_0)
FNDA:19,(anonymous_1)
FNDA:25,(anonymous_2)
FNDA:6,(anonymous_3)
FNDA:6,(anonymous_4)
FNDA:5,(anonymous_5)
FNDA:7,(anonymous_6)
FNDA:6,(anonymous_7)
FNDA:2,(anonymous_8)
FNDA:1,(anonymous_9)
FNDA:1,(anonymous_10)
FNDA:5,(anonymous_11)
FNDA:19,(anonymous_12)
FNDA:2,(anonymous_13)
FNDA:11,(anonymous_14)
FNDA:1,(anonymous_15)
FNDA:9,(anonymous_16)
FNDA:1,(anonymous_17)
FNDA:1,(anonymous_18)
FNDA:1,(anonymous_19)
FNDA:1,(anonymous_20)
FNDA:1,(anonymous_21)
FNDA:1,(anonymous_22)
DA:1,1
DA:2,1
DA:4,1
DA:7,6
DA:10,19
DA:28,6
DA:29,3
DA:31,3
DA:32,1
DA:34,2
DA:42,6
DA:43,6
DA:46,5
DA:49,7
DA:52,6
DA:55,2
DA:58,1
DA:61,1
DA:64,5
DA:72,19
DA:73,19
DA:76,2
DA:79,11
DA:82,1
DA:85,9
DA:88,1
DA:91,1
DA:94,1
DA:97,1
DA:101,1
DA:104,1
DA:105,1
DA:109,1
DA:110,1
LF:34
LH:34
BRDA:28,0,0,3
BRDA:28,0,1,3
BRDA:29,1,0,3
BRDA:29,1,1,2
BRDA:31,2,0,1
BRDA:31,2,1,2
BRF:6
BRH:6
end_of_record
TN:
SF:src\MGPMap.ts
FN:8,(anonymous_0)
FN:19,(anonymous_1)
FN:24,(anonymous_2)
FN:28,(anonymous_3)
FN:37,(anonymous_4)
FN:45,(anonymous_5)
FN:51,(anonymous_6)
FN:58,(anonymous_7)
FN:63,(anonymous_8)
FN:76,(anonymous_9)
FN:77,(anonymous_10)
FN:80,(anonymous_11)
FN:84,(anonymous_12)
FN:85,(anonymous_13)
FN:88,(anonymous_14)
FN:89,(anonymous_15)
FN:92,(anonymous_16)
FN:96,(anonymous_17)
FN:106,(anonymous_18)
FN:117,(anonymous_19)
FN:126,(anonymous_20)
FN:141,(anonymous_21)
FN:150,(anonymous_22)
FN:170,(anonymous_23)
FNF:24
FNH:24
FNDA:30,(anonymous_0)
FNDA:39,(anonymous_1)
FNDA:4,(anonymous_2)
FNDA:22,(anonymous_3)
FNDA:2,(anonymous_4)
FNDA:1,(anonymous_5)
FNDA:1,(anonymous_6)
FNDA:72,(anonymous_7)
FNDA:4,(anonymous_8)
FNDA:66,(anonymous_9)
FNDA:30,(anonymous_10)
FNDA:4,(anonymous_11)
FNDA:12,(anonymous_12)
FNDA:19,(anonymous_13)
FNDA:1,(anonymous_14)
FNDA:2,(anonymous_15)
FNDA:7,(anonymous_16)
FNDA:1,(anonymous_17)
FNDA:2,(anonymous_18)
FNDA:62,(anonymous_19)
FNDA:3,(anonymous_20)
FNDA:3,(anonymous_21)
FNDA:3,(anonymous_22)
FNDA:1,(anonymous_23)
DA:1,1
DA:2,1
DA:3,1
DA:4,1
DA:6,1
DA:11,30
DA:12,30
DA:13,30
DA:14,44
DA:16,30
DA:19,39
DA:20,39
DA:25,4
DA:29,22
DA:30,29
DA:31,20
DA:34,2
DA:38,2
DA:39,1
DA:41,1
DA:46,1
DA:47,2
DA:52,1
DA:53,1
DA:54,2
DA:59,72
DA:64,4
DA:65,4
DA:66,5
DA:67,3
DA:68,3
DA:69,3
DA:72,1
DA:73,1
DA:77,66
DA:81,4
DA:85,19
DA:89,2
DA:93,7
DA:97,1
DA:98,1
DA:99,2
DA:100,1
DA:103,1
DA:107,2
DA:108,2
DA:109,2
DA:110,1
DA:112,1
DA:113,1
DA:118,62
DA:119,61
DA:120,1
DA:122,60
DA:127,3
DA:128,2
DA:129,2
DA:130,2
DA:131,1
DA:132,1
DA:133,1
DA:134,1
DA:135,1
DA:138,1
DA:143,3
DA:144,3
DA:145,6
DA:147,3
DA:151,3
DA:152,3
DA:153,3
DA:154,1
DA:156,2
DA:157,2
DA:158,2
DA:159,2
DA:160,2
DA:161,1
DA:164,1
DA:168,1
DA:171,1
DA:172,1
DA:173,3
DA:174,3
DA:175,1
DA:177,2
DA:178,2
DA:179,2
DA:182,1
LF:89
LH:89
BRDA:19,0,0,39
BRDA:20,1,0,39
BRDA:30,2,0,20
BRDA:30,2,1,9
BRDA:38,3,0,1
BRDA:38,3,1,1
BRDA:66,4,0,3
BRDA:66,4,1,2
BRDA:99,5,0,1
BRDA:99,5,1,1
BRDA:109,6,0,1
BRDA:109,6,1,1
BRDA:119,7,0,1
BRDA:119,7,1,60
BRDA:130,8,0,1
BRDA:130,8,1,1
BRDA:153,9,0,1
BRDA:153,9,1,2
BRDA:160,10,0,1
BRDA:160,10,1,1
BRDA:174,11,0,1
BRDA:174,11,1,2
BRF:22
BRH:22
end_of_record
TN:
SF:src\MGPOptional.ts
FN:7,(anonymous_0)
FN:11,(anonymous_1)
FN:16,(anonymous_2)
FN:24,(anonymous_3)
FN:26,(anonymous_4)
FN:33,(anonymous_5)
FN:43,(anonymous_6)
FN:45,(anonymous_7)
FN:49,(anonymous_8)
FN:53,(anonymous_9)
FN:61,(anonymous_10)
FN:69,(anonymous_11)
FN:79,(anonymous_12)
FN:83,(anonymous_13)
FN:91,(anonymous_14)
FNF:15
FNH:15
FNDA:51,(anonymous_0)
FNDA:2,(anonymous_1)
FNDA:24,(anonymous_2)
FNDA:1,(anonymous_3)
FNDA:2,(anonymous_4)
FNDA:2,(anonymous_5)
FNDA:75,(anonymous_6)
FNDA:35,(anonymous_7)
FNDA:20,(anonymous_8)
FNDA:23,(anonymous_9)
FNDA:2,(anonymous_10)
FNDA:5,(anonymous_11)
FNDA:1,(anonymous_12)
FNDA:6,(anonymous_13)
FNDA:2,(anonymous_14)
DA:1,1
DA:2,1
DA:5,1
DA:8,51
DA:12,2
DA:13,1
DA:17,24
DA:25,1
DA:27,2
DA:28,1
DA:30,1
DA:34,2
DA:35,1
DA:37,1
DA:43,75
DA:46,35
DA:50,20
DA:54,23
DA:55,22
DA:57,1
DA:62,2
DA:63,1
DA:65,1
DA:70,5
DA:71,1
DA:73,4
DA:74,1
DA:76,3
DA:80,1
DA:84,6
DA:85,3
DA:87,3
DA:92,2
DA:93,1
DA:95,1
LF:35
LH:35
BRDA:12,0,0,1
BRDA:12,0,1,1
BRDA:27,1,0,1
BRDA:27,1,1,1
BRDA:34,2,0,1
BRDA:34,2,1,1
BRDA:54,3,0,22
BRDA:54,3,1,1
BRDA:62,4,0,1
BRDA:62,4,1,1
BRDA:70,5,0,1
BRDA:70,5,1,4
BRDA:73,6,0,1
BRDA:73,6,1,3
BRDA:84,7,0,3
BRDA:84,7,1,3
BRDA:92,8,0,1
BRDA:92,8,1,1
BRF:18
BRH:18
end_of_record
TN:
SF:src\MGPSet.ts
FN:9,(anonymous_0)
FN:17,(anonymous_1)
FN:29,(anonymous_2)
FN:41,(anonymous_3)
FN:54,(anonymous_4)
FN:64,(anonymous_5)
FN:70,(anonymous_6)
FN:76,(anonymous_7)
FN:85,(anonymous_8)
FN:89,(anonymous_9)
FN:97,(anonymous_10)
FN:105,(anonymous_11)
FN:109,(anonymous_12)
FN:113,(anonymous_13)
FN:121,(anonymous_14)
FN:129,(anonymous_15)
FN:139,(anonymous_16)
FN:148,(anonymous_17)
FN:162,(anonymous_18)
FN:171,(anonymous_19)
FNF:20
FNH:20
FNDA:78,(anonymous_0)
FNDA:11,(anonymous_1)
FNDA:2,(anonymous_2)
FNDA:14,(anonymous_3)
FNDA:2,(anonymous_4)
FNDA:3,(anonymous_5)
FNDA:1,(anonymous_6)
FNDA:42,(anonymous_7)
FNDA:40,(anonymous_8)
FNDA:2,(anonymous_9)
FNDA:2,(anonymous_10)
FNDA:4,(anonymous_11)
FNDA:2,(anonymous_12)
FNDA:1,(anonymous_13)
FNDA:1,(anonymous_14)
FNDA:1,(anonymous_15)
FNDA:2,(anonymous_16)
FNDA:1,(anonymous_17)
FNDA:3,(anonymous_18)
FNDA:28,(anonymous_19)
DA:1,1
DA:2,1
DA:3,1
DA:5,1
DA:10,78
DA:11,9
DA:13,69
DA:18,11
DA:19,1
DA:21,10
DA:22,17
DA:23,2
DA:26,8
DA:30,2
DA:31,2
DA:32,3
DA:33,1
DA:35,2
DA:38,2
DA:42,14
DA:43,3
DA:45,11
DA:46,11
DA:55,2
DA:56,4
DA:57,1
DA:58,1
DA:61,1
DA:65,3
DA:66,6
DA:71,1
DA:72,1
DA:73,1
DA:77,42
DA:78,60
DA:79,23
DA:82,19
DA:86,40
DA:90,2
DA:91,2
DA:92,4
DA:94,2
DA:98,2
DA:99,1
DA:101,1
DA:106,4
DA:110,2
DA:114,1
DA:115,1
DA:116,2
DA:118,1
DA:122,1
DA:123,1
DA:124,2
DA:126,1
DA:130,1
DA:131,1
DA:132,2
DA:133,1
DA:136,1
DA:140,2
DA:141,3
DA:142,1
DA:145,1
DA:149,1
DA:150,1
DA:151,2
DA:152,1
DA:155,1
DA:163,3
DA:164,4
DA:165,2
DA:168,1
DA:172,28
LF:74
LH:74
BRDA:10,0,0,9
BRDA:10,0,1,69
BRDA:18,1,0,1
BRDA:18,1,1,10
BRDA:22,2,0,2
BRDA:22,2,1,15
BRDA:32,3,0,1
BRDA:32,3,1,2
BRDA:42,4,0,3
BRDA:42,4,1,11
BRDA:56,5,0,1
BRDA:56,5,1,3
BRDA:78,6,0,23
BRDA:78,6,1,37
BRDA:98,7,0,1
BRDA:98,7,1,1
BRDA:132,8,0,1
BRDA:132,8,1,1
BRDA:141,9,0,1
BRDA:141,9,1,2
BRDA:151,10,0,1
BRDA:151,10,1,1
BRDA:164,11,0,2
BRDA:164,11,1,2
BRF:24
BRH:24
end_of_record
TN:
SF:src\MGPUniqueList.ts
FN:11,(anonymous_0)
FN:25,(anonymous_1)
FN:34,(anonymous_2)
FNF:3
FNH:3
FNDA:4,(anonymous_0)
FNDA:13,(anonymous_1)
FNDA:3,(anonymous_2)
DA:1,1
DA:2,1
DA:3,1
DA:9,1
DA:12,4
DA:13,1
DA:15,3
DA:16,4
DA:17,4
DA:18,4
DA:19,2
DA:22,1
DA:26,13
DA:27,12
DA:35,3
DA:36,2
DA:37,2
LF:17
LH:17
BRDA:12,0,0,1
BRDA:12,0,1,3
BRDA:18,1,0,2
BRDA:18,1,1,2
BRF:4
BRH:4
end_of_record
TN:
SF:src\MGPValidation.ts
FN:6,(anonymous_0)
FN:10,ofFallible
FN:18,failure
FN:28,(anonymous_3)
FN:36,(anonymous_4)
FNF:5
FNH:5
FNDA:1,(anonymous_0)
FNDA:2,ofFallible
FNDA:13,failure
FNDA:2,(anonymous_3)
FNDA:1,(anonymous_4)
DA:1,1
DA:6,1
DA:8,1
DA:10,1
DA:11,2
DA:12,1
DA:14,1
DA:18,1
DA:19,13
DA:26,1
DA:29,2
DA:30,1
DA:32,1
DA:37,1
DA:38,1
LF:15
LH:15
BRDA:11,0,0,1
BRDA:11,0,1,1
BRDA:6,1,0,1
BRDA:6,1,1,1
BRDA:29,2,0,1
BRDA:29,2,1,1
BRF:6
BRH:6
end_of_record
TN:
SF:src\MathUtils.ts
FN:6,(anonymous_0)
FNF:1
FNH:1
FNDA:17,(anonymous_0)
DA:1,1
DA:7,17
DA:8,6
DA:10,11
LF:4
LH:4
BRDA:7,0,0,6
BRDA:7,0,1,11
BRF:2
BRH:2
end_of_record
TN:
SF:src\Sets.ts
FN:5,(anonymous_0)
FN:7,(anonymous_1)
FN:8,(anonymous_2)
FN:14,(anonymous_3)
FN:16,(anonymous_4)
FN:17,(anonymous_5)
FNF:6
FNH:6
FNDA:1,(anonymous_0)
FNDA:3,(anonymous_1)
FNDA:2,(anonymous_2)
FNDA:70,(anonymous_3)
FNDA:126,(anonymous_4)
FNDA:62,(anonymous_5)
DA:1,1
DA:3,1
DA:6,1
DA:7,1
DA:8,3
DA:9,2
DA:12,1
DA:15,70
DA:16,70
DA:17,126
DA:18,125
DA:21,70
LF:12
LH:12
BRDA:8,0,0,2
BRDA:8,0,1,1
BRDA:17,1,0,125
BRDA:17,1,1,1
BRF:4
BRH:4
end_of_record
TN:
SF:src\TestUtils.ts
FN:6,(anonymous_0)
FN:8,(anonymous_1)
FNF:2
FNH:2
FNDA:4,(anonymous_0)
FNDA:4,(anonymous_1)
DA:1,1
DA:2,1
DA:4,1
DA:7,4
DA:8,3
DA:9,4
DA:11,4
DA:14,4
LF:8
LH:8
BRDA:7,0,0,3
BRDA:7,0,1,1
BRF:2
BRH:2
end_of_record
TN:
SF:src\Utils.ts
FN:12,(anonymous_0)
FN:16,(anonymous_1)
FN:25,(anonymous_2)
FN:35,(anonymous_3)
FN:43,(anonymous_4)
FN:54,(anonymous_5)
FNF:6
FNH:6
FNDA:5,(anonymous_0)
FNDA:3,(anonymous_1)
FNDA:2,(anonymous_2)
FNDA:13,(anonymous_3)
FNDA:119,(anonymous_4)
FNDA:18,(anonymous_5)
DA:2,1
DA:4,1
DA:12,1
DA:13,5
DA:17,3
DA:18,2
DA:19,1
DA:21,1
DA:26,2
DA:27,4
DA:28,1
DA:32,1
DA:36,13
DA:37,2
DA:39,11
DA:44,119
DA:49,9
DA:50,9
DA:55,18
LF:19
LH:19
BRDA:17,0,0,2
BRDA:17,0,1,1
BRDA:18,1,0,1
BRDA:18,1,1,1
BRDA:27,2,0,1
BRDA:27,2,1,3
BRDA:36,3,0,2
BRDA:36,3,1,11
BRDA:44,4,0,9
BRDA:44,4,1,110
BRF:10
BRH:10
end_of_record
